{"/Users/jvalenzano/Documents/10-TrailWatch/frontend/src/hooks/useCrews.ts": {"path":"/Users/jvalenzano/Documents/10-TrailWatch/frontend/src/hooks/useCrews.ts","statementMap":{"0":{"start":{"line":6,"column":24},"end":{"line":11,"column":null}},"1":{"start":{"line":7,"column":2},"end":{"line":10,"column":null}},"2":{"start":{"line":9,"column":13},"end":{"line":9,"column":null}}},"fnMap":{"0":{"name":"(anonymous_0)","decl":{"start":{"line":6,"column":24},"end":{"line":6,"column":30}},"loc":{"start":{"line":6,"column":30},"end":{"line":11,"column":null}},"line":6},"1":{"name":"(anonymous_1)","decl":{"start":{"line":9,"column":13},"end":{"line":9,"column":19}},"loc":{"start":{"line":9,"column":13},"end":{"line":9,"column":null}},"line":9}},"branchMap":{},"s":{"0":1,"1":2,"2":1},"f":{"0":2,"1":1},"b":{},"meta":{"lastBranch":0,"lastFunction":2,"lastStatement":3,"seen":{"s:6:24:11:Infinity":0,"f:6:24:6:30":0,"s:7:2:10:Infinity":1,"f:9:13:9:19":1,"s:9:13:9:Infinity":2}}}
,"/Users/jvalenzano/Documents/10-TrailWatch/frontend/src/hooks/useExtraction.ts": {"path":"/Users/jvalenzano/Documents/10-TrailWatch/frontend/src/hooks/useExtraction.ts","statementMap":{"0":{"start":{"line":5,"column":29},"end":{"line":14,"column":null}},"1":{"start":{"line":6,"column":8},"end":{"line":6,"column":null}},"2":{"start":{"line":8,"column":2},"end":{"line":13,"column":null}},"3":{"start":{"line":9,"column":17},"end":{"line":9,"column":null}},"4":{"start":{"line":11,"column":6},"end":{"line":11,"column":null}}},"fnMap":{"0":{"name":"(anonymous_0)","decl":{"start":{"line":5,"column":29},"end":{"line":5,"column":35}},"loc":{"start":{"line":5,"column":35},"end":{"line":14,"column":null}},"line":5},"1":{"name":"(anonymous_1)","decl":{"start":{"line":9,"column":16},"end":{"line":9,"column":17}},"loc":{"start":{"line":9,"column":17},"end":{"line":9,"column":null}},"line":9},"2":{"name":"(anonymous_2)","decl":{"start":{"line":10,"column":15},"end":{"line":10,"column":21}},"loc":{"start":{"line":10,"column":21},"end":{"line":12,"column":null}},"line":10}},"branchMap":{},"s":{"0":1,"1":2,"2":2,"3":1,"4":1},"f":{"0":2,"1":1,"2":1},"b":{},"meta":{"lastBranch":0,"lastFunction":3,"lastStatement":5,"seen":{"s:5:29:14:Infinity":0,"f:5:29:5:35":0,"s:6:8:6:Infinity":1,"s:8:2:13:Infinity":2,"f:9:16:9:17":1,"s:9:17:9:Infinity":3,"f:10:15:10:21":2,"s:11:6:11:Infinity":4}}}
,"/Users/jvalenzano/Documents/10-TrailWatch/frontend/src/hooks/useReports.ts": {"path":"/Users/jvalenzano/Documents/10-TrailWatch/frontend/src/hooks/useReports.ts","statementMap":{"0":{"start":{"line":11,"column":26},"end":{"line":27,"column":null}},"1":{"start":{"line":12,"column":2},"end":{"line":26,"column":null}},"2":{"start":{"line":15,"column":22},"end":{"line":15,"column":null}},"3":{"start":{"line":16,"column":6},"end":{"line":23,"column":null}},"4":{"start":{"line":17,"column":8},"end":{"line":22,"column":null}},"5":{"start":{"line":18,"column":10},"end":{"line":20,"column":null}},"6":{"start":{"line":19,"column":12},"end":{"line":19,"column":null}},"7":{"start":{"line":21,"column":10},"end":{"line":21,"column":null}},"8":{"start":{"line":24,"column":6},"end":{"line":24,"column":null}}},"fnMap":{"0":{"name":"(anonymous_0)","decl":{"start":{"line":11,"column":26},"end":{"line":11,"column":27}},"loc":{"start":{"line":11,"column":55},"end":{"line":27,"column":null}},"line":11},"1":{"name":"(anonymous_1)","decl":{"start":{"line":14,"column":13},"end":{"line":14,"column":25}},"loc":{"start":{"line":14,"column":25},"end":{"line":25,"column":null}},"line":14},"2":{"name":"(anonymous_2)","decl":{"start":{"line":17,"column":30},"end":{"line":17,"column":40}},"loc":{"start":{"line":17,"column":40},"end":{"line":22,"column":9}},"line":17}},"branchMap":{"0":{"loc":{"start":{"line":16,"column":6},"end":{"line":23,"column":null}},"type":"if","locations":[{"start":{"line":16,"column":6},"end":{"line":23,"column":null}},{"start":{},"end":{}}],"line":16},"1":{"loc":{"start":{"line":18,"column":10},"end":{"line":20,"column":null}},"type":"if","locations":[{"start":{"line":18,"column":10},"end":{"line":20,"column":null}},{"start":{},"end":{}}],"line":18},"2":{"loc":{"start":{"line":18,"column":14},"end":{"line":18,"column":81}},"type":"binary-expr","locations":[{"start":{"line":18,"column":14},"end":{"line":18,"column":34}},{"start":{"line":18,"column":34},"end":{"line":18,"column":81}}],"line":18}},"s":{"0":1,"1":4,"2":2,"3":2,"4":1,"5":15,"6":13,"7":2,"8":1},"f":{"0":4,"1":2,"2":15},"b":{"0":[1,1],"1":[13,2],"2":[15,15]},"meta":{"lastBranch":3,"lastFunction":3,"lastStatement":9,"seen":{"s:11:26:27:Infinity":0,"f:11:26:11:27":0,"s:12:2:26:Infinity":1,"f:14:13:14:25":1,"s:15:22:15:Infinity":2,"b:16:6:23:Infinity:undefined:undefined:undefined:undefined":0,"s:16:6:23:Infinity":3,"s:17:8:22:Infinity":4,"f:17:30:17:40":2,"b:18:10:20:Infinity:undefined:undefined:undefined:undefined":1,"s:18:10:20:Infinity":5,"b:18:14:18:34:18:34:18:81":2,"s:19:12:19:Infinity":6,"s:21:10:21:Infinity":7,"s:24:6:24:Infinity":8}}}
,"/Users/jvalenzano/Documents/10-TrailWatch/frontend/src/mocks/crews.json": {"path":"/Users/jvalenzano/Documents/10-TrailWatch/frontend/src/mocks/crews.json","statementMap":{},"fnMap":{},"branchMap":{},"s":{},"f":{},"b":{},"meta":{"lastBranch":0,"lastFunction":0,"lastStatement":0,"seen":{}}}
,"/Users/jvalenzano/Documents/10-TrailWatch/frontend/src/mocks/handlers.ts": {"path":"/Users/jvalenzano/Documents/10-TrailWatch/frontend/src/mocks/handlers.ts","statementMap":{"0":{"start":{"line":5,"column":24},"end":{"line":23,"column":null}},"1":{"start":{"line":7,"column":4},"end":{"line":7,"column":null}},"2":{"start":{"line":10,"column":4},"end":{"line":15,"column":null}},"3":{"start":{"line":18,"column":4},"end":{"line":18,"column":null}},"4":{"start":{"line":21,"column":4},"end":{"line":21,"column":null}}},"fnMap":{"0":{"name":"(anonymous_0)","decl":{"start":{"line":6,"column":24},"end":{"line":6,"column":30}},"loc":{"start":{"line":6,"column":30},"end":{"line":8,"column":3}},"line":6},"1":{"name":"(anonymous_1)","decl":{"start":{"line":9,"column":25},"end":{"line":9,"column":31}},"loc":{"start":{"line":9,"column":31},"end":{"line":16,"column":3}},"line":9},"2":{"name":"(anonymous_2)","decl":{"start":{"line":17,"column":27},"end":{"line":17,"column":33}},"loc":{"start":{"line":17,"column":33},"end":{"line":19,"column":3}},"line":17},"3":{"name":"(anonymous_3)","decl":{"start":{"line":20,"column":25},"end":{"line":20,"column":31}},"loc":{"start":{"line":20,"column":31},"end":{"line":22,"column":3}},"line":20}},"branchMap":{},"s":{"0":4,"1":1,"2":2,"3":2,"4":1},"f":{"0":1,"1":2,"2":2,"3":1},"b":{},"meta":{"lastBranch":0,"lastFunction":4,"lastStatement":5,"seen":{"s:5:24:23:Infinity":0,"f:6:24:6:30":0,"s:7:4:7:Infinity":1,"f:9:25:9:31":1,"s:10:4:15:Infinity":2,"f:17:27:17:33":2,"s:18:4:18:Infinity":3,"f:20:25:20:31":3,"s:21:4:21:Infinity":4}}}
,"/Users/jvalenzano/Documents/10-TrailWatch/frontend/src/mocks/reports.json": {"path":"/Users/jvalenzano/Documents/10-TrailWatch/frontend/src/mocks/reports.json","statementMap":{},"fnMap":{},"branchMap":{},"s":{},"f":{},"b":{},"meta":{"lastBranch":0,"lastFunction":0,"lastStatement":0,"seen":{}}}
,"/Users/jvalenzano/Documents/10-TrailWatch/frontend/src/mocks/server.ts": {"path":"/Users/jvalenzano/Documents/10-TrailWatch/frontend/src/mocks/server.ts","statementMap":{"0":{"start":{"line":4,"column":13},"end":{"line":4,"column":null}}},"fnMap":{},"branchMap":{},"s":{"0":4},"f":{},"b":{},"meta":{"lastBranch":0,"lastFunction":0,"lastStatement":1,"seen":{"s:4:13:4:Infinity":0}}}
,"/Users/jvalenzano/Documents/10-TrailWatch/frontend/src/types/crew.ts": {"path":"/Users/jvalenzano/Documents/10-TrailWatch/frontend/src/types/crew.ts","statementMap":{},"fnMap":{},"branchMap":{},"s":{},"f":{},"b":{},"meta":{"lastBranch":0,"lastFunction":0,"lastStatement":0,"seen":{}}}
,"/Users/jvalenzano/Documents/10-TrailWatch/frontend/src/types/report.ts": {"path":"/Users/jvalenzano/Documents/10-TrailWatch/frontend/src/types/report.ts","statementMap":{},"fnMap":{},"branchMap":{},"s":{},"f":{},"b":{},"meta":{"lastBranch":0,"lastFunction":0,"lastStatement":0,"seen":{}}}
,"/Users/jvalenzano/Documents/10-TrailWatch/frontend/src/utils/api.ts": {"path":"/Users/jvalenzano/Documents/10-TrailWatch/frontend/src/utils/api.ts","statementMap":{"0":{"start":{"line":4,"column":4},"end":{"line":4,"column":null}},"1":{"start":{"line":3,"column":38},"end":{"line":3,"column":54}},"2":{"start":{"line":5,"column":4},"end":{"line":5,"column":null}},"3":{"start":{"line":9,"column":24},"end":{"line":16,"column":null}},"4":{"start":{"line":10,"column":19},"end":{"line":10,"column":null}},"5":{"start":{"line":11,"column":2},"end":{"line":14,"column":null}},"6":{"start":{"line":12,"column":22},"end":{"line":12,"column":null}},"7":{"start":{"line":12,"column":57},"end":{"line":12,"column":98}},"8":{"start":{"line":13,"column":4},"end":{"line":13,"column":null}},"9":{"start":{"line":15,"column":2},"end":{"line":15,"column":null}}},"fnMap":{"0":{"name":"(anonymous_0)","decl":{"start":{"line":3,"column":2},"end":{"line":3,"column":14}},"loc":{"start":{"line":3,"column":54},"end":{"line":6,"column":null}},"line":3},"1":{"name":"(anonymous_1)","decl":{"start":{"line":9,"column":24},"end":{"line":9,"column":34}},"loc":{"start":{"line":9,"column":89},"end":{"line":16,"column":null}},"line":9},"2":{"name":"(anonymous_2)","decl":{"start":{"line":12,"column":50},"end":{"line":12,"column":57}},"loc":{"start":{"line":12,"column":57},"end":{"line":12,"column":98}},"line":12}},"branchMap":{"0":{"loc":{"start":{"line":9,"column":47},"end":{"line":9,"column":89}},"type":"default-arg","locations":[{"start":{"line":9,"column":70},"end":{"line":9,"column":89}}],"line":9},"1":{"loc":{"start":{"line":11,"column":2},"end":{"line":14,"column":null}},"type":"if","locations":[{"start":{"line":11,"column":2},"end":{"line":14,"column":null}},{"start":{},"end":{}}],"line":11},"2":{"loc":{"start":{"line":13,"column":23},"end":{"line":13,"column":73}},"type":"binary-expr","locations":[{"start":{"line":13,"column":23},"end":{"line":13,"column":44}},{"start":{"line":13,"column":44},"end":{"line":13,"column":73}}],"line":13}},"s":{"0":2,"1":2,"2":2,"3":4,"4":7,"5":7,"6":2,"7":0,"8":2,"9":5},"f":{"0":2,"1":7,"2":0},"b":{"0":[7],"1":[2,5],"2":[2,0]},"meta":{"lastBranch":3,"lastFunction":3,"lastStatement":10,"seen":{"f:3:2:3:14":0,"s:4:4:4:Infinity":0,"s:3:38:3:54":1,"s:5:4:5:Infinity":2,"s:9:24:16:Infinity":3,"f:9:24:9:34":1,"b:9:70:9:89":0,"s:10:19:10:Infinity":4,"b:11:2:14:Infinity:undefined:undefined:undefined:undefined":1,"s:11:2:14:Infinity":5,"s:12:22:12:Infinity":6,"f:12:50:12:57":2,"s:12:57:12:98":7,"s:13:4:13:Infinity":8,"b:13:23:13:44:13:44:13:73":2,"s:15:2:15:Infinity":9}}}
}
